<?xml version="1.0" encoding="UTF-8"?>
<!-- Generated by org.testng.reporters.JUnitReportReporter -->
<testsuite hostname="Rafa" failures="0" tests="1" name="pagesTest.HomePageTest" time="59.373" errors="0" timestamp="2023-12-13T22:55:55 EST" skipped="0">
  <testcase classname="pagesTest.HomePageTest" name="inputTextInUserIdAndPasswordFieldThenClickLoginButtonTest" time="59.373">
    <system-out>
      <![CDATA[Sleeping ... zZz 1<br>
[[ChromeDriver: chrome on windows (dc5f70b2d77a8bf7d7674d7e0bee6e2b)] -> xpath: //span[contains(text(), 'Property')]]<---------> has been clicked<br>
Sleeping ... zZz 3<br>
[[ChromeDriver: chrome on windows (dc5f70b2d77a8bf7d7674d7e0bee6e2b)] -> xpath: //label[contains(text(), 'Condo')]]<---------> has been clicked<br>
Sleeping ... zZz 1<br>
[[ChromeDriver: chrome on windows (dc5f70b2d77a8bf7d7674d7e0bee6e2b)] -> xpath: //label[contains(text(), 'Renters')]]<---------> has been clicked<br>
Sleeping ... zZz 1<br>
[[ChromeDriver: chrome on windows (dc5f70b2d77a8bf7d7674d7e0bee6e2b)] -> xpath: //label[contains(text(), 'Mobile Home')]]<---------> has been clicked<br>
Sleeping ... zZz 1<br>
[[ChromeDriver: chrome on windows (dc5f70b2d77a8bf7d7674d7e0bee6e2b)] -> xpath: //label[contains(text(), 'Homeowners')]]<---------> has been clicked<br>
Sleeping ... zZz 1<br>
14215 <-----> has been put into <-----> [[ChromeDriver: chrome on windows (dc5f70b2d77a8bf7d7674d7e0bee6e2b)] -> xpath: //input[@id='zipCode_overlay_subproducts']]<br>
Sleeping ... zZz 1<br>
[[ChromeDriver: chrome on windows (dc5f70b2d77a8bf7d7674d7e0bee6e2b)] -> id: qsButton_overlay_subproducts]<---------> has been clicked<br>
Sleeping ... zZz 5<br>
3343 Bailey Ave <-----> has been put into <-----> [[ChromeDriver: chrome on windows (dc5f70b2d77a8bf7d7674d7e0bee6e2b)] -> xpath: //input[@id='AddressEntryPrefillEdit_embedded_questions_list_PropertyAddressSearch']]<br>
Sleeping ... zZz 1<br>
Proxy element for: DefaultElementLocator 'By.xpath: //input[@id='AddressEntryPrefillEdit_embedded_questions_list_HasApartmentNumber']'<---------> has been clicked<br>
Sleeping ... zZz 5<br>
2A <-----> has been put into <-----> [[ChromeDriver: chrome on windows (dc5f70b2d77a8bf7d7674d7e0bee6e2b)] -> xpath: //input[@name='AddressEntryPrefillEdit_embedded_questions_list_ApartmentUnit']]<br>
Sleeping ... zZz 5<br>
Abdullah <-----> has been put into <-----> [[ChromeDriver: chrome on windows (dc5f70b2d77a8bf7d7674d7e0bee6e2b)] -> id: AddressEntryPrefillEdit_embedded_questions_list_FirstName]<br>
Sleeping ... zZz 1<br>
Al <-----> has been put into <-----> [[ChromeDriver: chrome on windows (dc5f70b2d77a8bf7d7674d7e0bee6e2b)] -> id: AddressEntryPrefillEdit_embedded_questions_list_MiddleInitial]<br>
Sleeping ... zZz 1<br>
Mamun <-----> has been put into <-----> [[ChromeDriver: chrome on windows (dc5f70b2d77a8bf7d7674d7e0bee6e2b)] -> id: AddressEntryPrefillEdit_embedded_questions_list_LastName]<br>
Sleeping ... zZz 1<br>
10102009 <-----> has been put into <-----> [[ChromeDriver: chrome on windows (dc5f70b2d77a8bf7d7674d7e0bee6e2b)] -> xpath: //input[@id='AddressEntryPrefillEdit_embedded_questions_list_DateOfBirth']]<br>
Sleeping ... zZz 1<br>]]>
    </system-out>
  </testcase> <!-- inputTextInUserIdAndPasswordFieldThenClickLoginButtonTest -->
  <system-out>
    <![CDATA[Sleeping ... zZz 1<br>
[[ChromeDriver: chrome on windows (dc5f70b2d77a8bf7d7674d7e0bee6e2b)] -> xpath: //span[contains(text(), 'Property')]]<---------> has been clicked<br>
Sleeping ... zZz 3<br>
[[ChromeDriver: chrome on windows (dc5f70b2d77a8bf7d7674d7e0bee6e2b)] -> xpath: //label[contains(text(), 'Condo')]]<---------> has been clicked<br>
Sleeping ... zZz 1<br>
[[ChromeDriver: chrome on windows (dc5f70b2d77a8bf7d7674d7e0bee6e2b)] -> xpath: //label[contains(text(), 'Renters')]]<---------> has been clicked<br>
Sleeping ... zZz 1<br>
[[ChromeDriver: chrome on windows (dc5f70b2d77a8bf7d7674d7e0bee6e2b)] -> xpath: //label[contains(text(), 'Mobile Home')]]<---------> has been clicked<br>
Sleeping ... zZz 1<br>
[[ChromeDriver: chrome on windows (dc5f70b2d77a8bf7d7674d7e0bee6e2b)] -> xpath: //label[contains(text(), 'Homeowners')]]<---------> has been clicked<br>
Sleeping ... zZz 1<br>
14215 <-----> has been put into <-----> [[ChromeDriver: chrome on windows (dc5f70b2d77a8bf7d7674d7e0bee6e2b)] -> xpath: //input[@id='zipCode_overlay_subproducts']]<br>
Sleeping ... zZz 1<br>
[[ChromeDriver: chrome on windows (dc5f70b2d77a8bf7d7674d7e0bee6e2b)] -> id: qsButton_overlay_subproducts]<---------> has been clicked<br>
Sleeping ... zZz 5<br>
3343 Bailey Ave <-----> has been put into <-----> [[ChromeDriver: chrome on windows (dc5f70b2d77a8bf7d7674d7e0bee6e2b)] -> xpath: //input[@id='AddressEntryPrefillEdit_embedded_questions_list_PropertyAddressSearch']]<br>
Sleeping ... zZz 1<br>
Proxy element for: DefaultElementLocator 'By.xpath: //input[@id='AddressEntryPrefillEdit_embedded_questions_list_HasApartmentNumber']'<---------> has been clicked<br>
Sleeping ... zZz 5<br>
2A <-----> has been put into <-----> [[ChromeDriver: chrome on windows (dc5f70b2d77a8bf7d7674d7e0bee6e2b)] -> xpath: //input[@name='AddressEntryPrefillEdit_embedded_questions_list_ApartmentUnit']]<br>
Sleeping ... zZz 5<br>
Abdullah <-----> has been put into <-----> [[ChromeDriver: chrome on windows (dc5f70b2d77a8bf7d7674d7e0bee6e2b)] -> id: AddressEntryPrefillEdit_embedded_questions_list_FirstName]<br>
Sleeping ... zZz 1<br>
Al <-----> has been put into <-----> [[ChromeDriver: chrome on windows (dc5f70b2d77a8bf7d7674d7e0bee6e2b)] -> id: AddressEntryPrefillEdit_embedded_questions_list_MiddleInitial]<br>
Sleeping ... zZz 1<br>
Mamun <-----> has been put into <-----> [[ChromeDriver: chrome on windows (dc5f70b2d77a8bf7d7674d7e0bee6e2b)] -> id: AddressEntryPrefillEdit_embedded_questions_list_LastName]<br>
Sleeping ... zZz 1<br>
10102009 <-----> has been put into <-----> [[ChromeDriver: chrome on windows (dc5f70b2d77a8bf7d7674d7e0bee6e2b)] -> xpath: //input[@id='AddressEntryPrefillEdit_embedded_questions_list_DateOfBirth']]<br>
Sleeping ... zZz 1<br>]]>
  </system-out>
</testsuite> <!-- pagesTest.HomePageTest -->
