<?xml version="1.0" encoding="UTF-8"?>
<!-- Generated by org.testng.reporters.JUnitReportReporter -->
<testsuite hostname="Rafa" failures="0" tests="1" name="pagesTest.HomePageTest" time="77.490" errors="0" timestamp="2024-01-08T10:08:35 EST" skipped="0">
  <testcase classname="pagesTest.HomePageTest" name="inputTextInUserIdAndPasswordFieldThenClickLoginButtonTest" time="77.490"/>
  <system-out>
    <![CDATA[Sleeping ... zZz 2<br>
[[EdgeDriver: msedge on windows (828da8755f1c71624fb4f14bb83f4353)] -> xpath: //span[contains(text(), 'Property')]]<---------> has been clicked<br>
[[EdgeDriver: msedge on windows (828da8755f1c71624fb4f14bb83f4353)] -> xpath: //span[contains(text(), 'Property')]]<---------> is Displayed, true<br>
Current URL is : https://www.progressive.com/#s<br>
Actual Title is : An Insurance Company You Can Rely On | Progressive ---> And Expected Title is :An Insurance Company You Can Rely On | Progressive<br>
Sleeping ... zZz 3<br>
Sleeping ... zZz 2<br>
[[EdgeDriver: msedge on windows (828da8755f1c71624fb4f14bb83f4353)] -> xpath: //span[contains(text(), 'Property')]]<---------> has been clicked<br>
Sleeping ... zZz 3<br>
[[EdgeDriver: msedge on windows (828da8755f1c71624fb4f14bb83f4353)] -> xpath: //label[contains(text(), 'Condo')]]<---------> has been clicked<br>
Sleeping ... zZz 2<br>
[[EdgeDriver: msedge on windows (828da8755f1c71624fb4f14bb83f4353)] -> xpath: //label[contains(text(), 'Condo')]]<---------> has been clicked<br>
[[EdgeDriver: msedge on windows (828da8755f1c71624fb4f14bb83f4353)] -> xpath: //label[contains(text(), 'Condo')]]<---------> is Displayed, true<br>
Current URL is : https://www.progressive.com/#s<br>
Actual Title is : An Insurance Company You Can Rely On | Progressive ---> And Expected Title is :An Insurance Company You Can Rely On | Progressive<br>
Sleeping ... zZz 3<br>
[[EdgeDriver: msedge on windows (828da8755f1c71624fb4f14bb83f4353)] -> xpath: //label[contains(text(), 'Renters')]]<---------> has been clicked<br>
Sleeping ... zZz 2<br>
[[EdgeDriver: msedge on windows (828da8755f1c71624fb4f14bb83f4353)] -> xpath: //label[contains(text(), 'Mobile Home')]]<---------> has been clicked<br>
Sleeping ... zZz 2<br>
[[EdgeDriver: msedge on windows (828da8755f1c71624fb4f14bb83f4353)] -> xpath: //label[contains(text(), 'Homeowners')]]<---------> has been clicked<br>
Sleeping ... zZz 2<br>
14215 <-----> has been put into <-----> [[EdgeDriver: msedge on windows (828da8755f1c71624fb4f14bb83f4353)] -> xpath: //input[@id='zipCode_overlay_subproducts']]<br>
Sleeping ... zZz 2<br>
[[EdgeDriver: msedge on windows (828da8755f1c71624fb4f14bb83f4353)] -> id: qsButton_overlay_subproducts]<---------> has been clicked<br>
Sleeping ... zZz 5<br>
3343 Bailey Ave <-----> has been put into <-----> [[EdgeDriver: msedge on windows (828da8755f1c71624fb4f14bb83f4353)] -> xpath: //input[@id='AddressEntryPrefillEdit_embedded_questions_list_PropertyAddressSearch']]<br>
Sleeping ... zZz 2<br>
Proxy element for: DefaultElementLocator 'By.xpath: //input[@id='AddressEntryPrefillEdit_embedded_questions_list_HasApartmentNumber']'<---------> has been clicked<br>
Sleeping ... zZz 5<br>
2A <-----> has been put into <-----> [[EdgeDriver: msedge on windows (828da8755f1c71624fb4f14bb83f4353)] -> xpath: //input[@name='AddressEntryPrefillEdit_embedded_questions_list_ApartmentUnit']]<br>
Sleeping ... zZz 5<br>
Abdullah <-----> has been put into <-----> [[EdgeDriver: msedge on windows (828da8755f1c71624fb4f14bb83f4353)] -> id: AddressEntryPrefillEdit_embedded_questions_list_FirstName]<br>
Sleeping ... zZz 2<br>
Al <-----> has been put into <-----> [[EdgeDriver: msedge on windows (828da8755f1c71624fb4f14bb83f4353)] -> id: AddressEntryPrefillEdit_embedded_questions_list_MiddleInitial]<br>
Sleeping ... zZz 2<br>
Mamun <-----> has been put into <-----> [[EdgeDriver: msedge on windows (828da8755f1c71624fb4f14bb83f4353)] -> id: AddressEntryPrefillEdit_embedded_questions_list_LastName]<br>
Sleeping ... zZz 2<br>
10102009 <-----> has been put into <-----> [[EdgeDriver: msedge on windows (828da8755f1c71624fb4f14bb83f4353)] -> xpath: //input[@id='AddressEntryPrefillEdit_embedded_questions_list_DateOfBirth']]<br>
Sleeping ... zZz 2<br>]]>
  </system-out>
</testsuite> <!-- pagesTest.HomePageTest -->
