<?xml version="1.0" encoding="UTF-8"?>
<!-- Generated by org.testng.reporters.JUnitReportReporter -->
<testsuite hostname="Rafa" failures="0" tests="1" name="pagesTest.GetAQuotePageTest" time="35.987" errors="0" timestamp="2024-01-13T01:03:55 EST" skipped="0">
  <testcase classname="pagesTest.GetAQuotePageTest" name="inputTextInUserIdAndPasswordFieldThenClickLoginButtonTest" time="35.987"/>
  <system-out>
    <![CDATA[Sleeping ... zZz 2<br>
[[EdgeDriver: msedge on windows (053b5d5315def87564e09f37e8605b25)] -> xpath: //span[contains(text(), 'Property')]]<---------> has been clicked<br>
[[EdgeDriver: msedge on windows (053b5d5315def87564e09f37e8605b25)] -> xpath: //span[contains(text(), 'Property')]]<---------> is Displayed, true<br>
Current URL is : https://www.progressive.com/#s<br>
Actual Title is : An Insurance Company You Can Rely On | Progressive ---> And Expected Title is :An Insurance Company You Can Rely On | Progressive<br>
Sleeping ... zZz 3<br>
Sleeping ... zZz 2<br>
[[EdgeDriver: msedge on windows (053b5d5315def87564e09f37e8605b25)] -> xpath: //span[contains(text(), 'Property')]]<---------> has been clicked<br>
Sleeping ... zZz 3<br>
[[EdgeDriver: msedge on windows (053b5d5315def87564e09f37e8605b25)] -> xpath: //label[contains(text(), 'Condo')]]<---------> has been clicked<br>
Sleeping ... zZz 2<br>
[[EdgeDriver: msedge on windows (053b5d5315def87564e09f37e8605b25)] -> xpath: //label[contains(text(), 'Condo')]]<---------> has been clicked<br>
[[EdgeDriver: msedge on windows (053b5d5315def87564e09f37e8605b25)] -> xpath: //label[contains(text(), 'Condo')]]<---------> is Displayed, true<br>
Current URL is : https://www.progressive.com/#s<br>
Actual Title is : An Insurance Company You Can Rely On | Progressive ---> And Expected Title is :An Insurance Company You Can Rely On | Progressive<br>
Sleeping ... zZz 3<br>
[[EdgeDriver: msedge on windows (053b5d5315def87564e09f37e8605b25)] -> xpath: //label[contains(text(), 'Renters')]]<---------> has been clicked<br>
Sleeping ... zZz 2<br>
[[EdgeDriver: msedge on windows (053b5d5315def87564e09f37e8605b25)] -> xpath: //label[contains(text(), 'Mobile Home')]]<---------> has been clicked<br>
Sleeping ... zZz 2<br>
[[EdgeDriver: msedge on windows (053b5d5315def87564e09f37e8605b25)] -> xpath: //label[contains(text(), 'Homeowners')]]<---------> has been clicked<br>
Sleeping ... zZz 2<br>
14215 <-----> has been put into <-----> [[EdgeDriver: msedge on windows (053b5d5315def87564e09f37e8605b25)] -> xpath: //input[@id='zipCode_overlay_subproducts']]<br>
Sleeping ... zZz 2<br>
[[EdgeDriver: msedge on windows (053b5d5315def87564e09f37e8605b25)] -> id: qsButton_overlay_subproducts]<---------> has been clicked<br>
Sleeping ... zZz 5<br>]]>
  </system-out>
</testsuite> <!-- pagesTest.GetAQuotePageTest -->
