<?xml version="1.0" encoding="UTF-8"?>
<!-- Generated by org.testng.reporters.JUnitReportReporter -->
<testsuite hostname="Rafa" failures="0" tests="1" name="pagesTest.SelectPropertyTypePageTest" time="14.315" errors="0" timestamp="2024-01-13T04:32:59 EST" skipped="0">
  <testcase classname="pagesTest.SelectPropertyTypePageTest" name="homePageTest" time="14.315"/>
  <system-out>
    <![CDATA[[[EdgeDriver: msedge on windows (8a0403e83683cff7e36c35487c77799f)] -> xpath: //input[@id='zipCode_overlay_subproducts']]<---------> has been clicked<br>
Sleeping ... zZz 2<br>
14215 <-----> has been put into <-----> [[EdgeDriver: msedge on windows (8a0403e83683cff7e36c35487c77799f)] -> xpath: //input[@id='zipCode_overlay_subproducts']]<br>
Sleeping ... zZz 2<br>
[[EdgeDriver: msedge on windows (8a0403e83683cff7e36c35487c77799f)] -> id: qsButton_overlay_subproducts]<---------> has been clicked<br>
Sleeping ... zZz 5<br>]]>
  </system-out>
</testsuite> <!-- pagesTest.SelectPropertyTypePageTest -->
