<?xml version="1.0" encoding="UTF-8"?>
<!-- Generated by org.testng.reporters.JUnitReportReporter -->
<testsuite hostname="Rafa" failures="0" tests="1" name="pagesTest.HomePageTest" time="10.383" errors="0" timestamp="2024-01-13T12:23:15 EST" skipped="0">
  <testcase classname="pagesTest.HomePageTest" name="homePageTest" time="10.383"/>
  <system-out>
    <![CDATA[Sleeping ... zZz 2<br>
[[EdgeDriver: msedge on windows (ad612ac54f2dbf6c54c1d486e2c740af)] -> xpath: //span[contains(text(), 'Property')]]<---------> has been clicked<br>
[[EdgeDriver: msedge on windows (ad612ac54f2dbf6c54c1d486e2c740af)] -> xpath: //span[contains(text(), 'Property')]]<---------> is Displayed, true<br>
Current URL is : https://www.progressive.com/#s<br>
Actual Title is : An Insurance Company You Can Rely On | Progressive ---> And Expected Title is :An Insurance Company You Can Rely On | Progressive<br>
Sleeping ... zZz 3<br>]]>
  </system-out>
</testsuite> <!-- pagesTest.HomePageTest -->
