<?xml version="1.0" encoding="UTF-8"?>
<!-- Generated by org.testng.reporters.JUnitReportReporter -->
<testsuite hostname="Rafa" failures="0" tests="1" name="pagesTest.SelectPropertyTypePageTest" time="14.965" errors="0" timestamp="2024-01-13T13:06:32 EST" skipped="0">
  <testcase classname="pagesTest.SelectPropertyTypePageTest" name="homePageTest" time="14.965"/>
  <system-out>
    <![CDATA[[[EdgeDriver: msedge on windows (c8024113d3b122e58f1eb04663da4caa)] -> xpath: //input[@id='zipCode_overlay_subproducts']]<---------> has been clicked<br>
Sleeping ... zZz 2<br>
14215 <-----> has been put into <-----> [[EdgeDriver: msedge on windows (c8024113d3b122e58f1eb04663da4caa)] -> xpath: //input[@id='zipCode_overlay_subproducts']]<br>
Sleeping ... zZz 2<br>
[[EdgeDriver: msedge on windows (c8024113d3b122e58f1eb04663da4caa)] -> id: qsButton_overlay_subproducts]<---------> has been clicked<br>
Sleeping ... zZz 5<br>]]>
  </system-out>
</testsuite> <!-- pagesTest.SelectPropertyTypePageTest -->
