<?xml version="1.0" encoding="UTF-8"?>
<!-- Generated by org.testng.reporters.JUnitReportReporter -->
<testsuite hostname="Rafa" failures="0" tests="1" name="pagesTest.HomePageTest" time="8.678" errors="0" timestamp="2024-01-13T04:31:01 EST" skipped="0">
  <testcase classname="pagesTest.HomePageTest" name="homePageTest" time="8.678"/>
  <system-out>
    <![CDATA[Sleeping ... zZz 2<br>
[[EdgeDriver: msedge on windows (fecc4a9180344987cb526f59a0a1e456)] -> xpath: //span[contains(text(), 'Property')]]<---------> has been clicked<br>
[[EdgeDriver: msedge on windows (fecc4a9180344987cb526f59a0a1e456)] -> xpath: //span[contains(text(), 'Property')]]<---------> is Displayed, true<br>
Current URL is : https://www.progressive.com/#s<br>
Actual Title is : An Insurance Company You Can Rely On | Progressive ---> And Expected Title is :An Insurance Company You Can Rely On | Progressive<br>
Sleeping ... zZz 3<br>]]>
  </system-out>
</testsuite> <!-- pagesTest.HomePageTest -->
